-------------------------------------------------------------------------------
Test set: com.howtodoinjava.rest.TradeControllerOldTest
-------------------------------------------------------------------------------
Tests run: 1, Failures: 0, Errors: 1, Skipped: 0, Time elapsed: 0.585 s <<< FAILURE! - in com.howtodoinjava.rest.TradeControllerOldTest
com.howtodoinjava.rest.TradeControllerOldTest  Time elapsed: 0.581 s  <<< ERROR!
java.lang.IllegalStateException: Unable to find a @SpringBootConfiguration, you need to use @ContextConfiguration or @SpringBootTest(classes=...) with your test

